nohup: ignoring input
[INFO] Scanning for projects...
[INFO] 
[INFO] -----------------< com.michaelleanza:dynamic-web-app >------------------
[INFO] Building Dynamic Web App 0.0.1-SNAPSHOT
[INFO]   from pom.xml
[INFO] --------------------------------[ war ]---------------------------------
[INFO] 
[INFO] >>> spring-boot:3.5.5:run (default-cli) > test-compile @ dynamic-web-app >>>
[INFO] 
[INFO] --- resources:3.3.1:resources (default-resources) @ dynamic-web-app ---
[INFO] Copying 1 resource from src/main/resources to target/classes
[INFO] Copying 1 resource from src/main/resources to target/classes
[INFO] 
[INFO] --- compiler:3.14.0:compile (default-compile) @ dynamic-web-app ---
[INFO] Nothing to compile - all classes are up to date.
[INFO] 
[INFO] --- resources:3.3.1:testResources (default-testResources) @ dynamic-web-app ---
[INFO] skip non existing resourceDirectory /home/mich/Software/Dynamic-Web-Project/src/test/resources
[INFO] 
[INFO] --- compiler:3.14.0:testCompile (default-testCompile) @ dynamic-web-app ---
[INFO] Nothing to compile - all classes are up to date.
[INFO] 
[INFO] <<< spring-boot:3.5.5:run (default-cli) < test-compile @ dynamic-web-app <<<
[INFO] 
[INFO] 
[INFO] --- spring-boot:3.5.5:run (default-cli) @ dynamic-web-app ---
[INFO] Attaching agents: []

  .   ____          _            __ _ _
 /\\ / ___'_ __ _ _(_)_ __  __ _ \ \ \ \
( ( )\___ | '_ | '_| | '_ \/ _` | \ \ \ \
 \\/  ___)| |_)| | | | | || (_| |  ) ) ) )
  '  |____| .__|_| |_|_| |_\__, | / / / /
 =========|_|==============|___/=/_/_/_/

 :: Spring Boot ::                (v3.5.5)

2025-09-08T14:05:25.425+02:00  INFO 180473 --- [dynamic-web-app] [           main] c.d.r.DynamicWebProjectApplication       : Starting DynamicWebProjectApplication using Java 21.0.8 with PID 180473 (/home/mich/Software/Dynamic-Web-Project/target/classes started by mich in /home/mich/Software/Dynamic-Web-Project)
2025-09-08T14:05:25.428+02:00  INFO 180473 --- [dynamic-web-app] [           main] c.d.r.DynamicWebProjectApplication       : No active profile set, falling back to 1 default profile: "default"
2025-09-08T14:05:26.036+02:00  INFO 180473 --- [dynamic-web-app] [           main] o.s.b.w.embedded.tomcat.TomcatWebServer  : Tomcat initialized with port 8080 (http)
2025-09-08T14:05:26.047+02:00  INFO 180473 --- [dynamic-web-app] [           main] o.apache.catalina.core.StandardService   : Starting service [Tomcat]
2025-09-08T14:05:26.047+02:00  INFO 180473 --- [dynamic-web-app] [           main] o.apache.catalina.core.StandardEngine    : Starting Servlet engine: [Apache Tomcat/10.1.44]
2025-09-08T14:05:26.182+02:00  INFO 180473 --- [dynamic-web-app] [           main] org.apache.jasper.servlet.TldScanner     : At least one JAR was scanned for TLDs yet contained no TLDs. Enable debug logging for this logger for a complete list of JARs that were scanned but no TLDs were found in them. Skipping unneeded JARs during scanning can improve startup time and JSP compilation time.
2025-09-08T14:05:26.187+02:00  INFO 180473 --- [dynamic-web-app] [           main] o.a.c.c.C.[Tomcat].[localhost].[/]       : Initializing Spring embedded WebApplicationContext
2025-09-08T14:05:26.188+02:00  INFO 180473 --- [dynamic-web-app] [           main] w.s.c.ServletWebServerApplicationContext : Root WebApplicationContext: initialization completed in 730 ms
2025-09-08T14:05:26.283+02:00  INFO 180473 --- [dynamic-web-app] [           main] o.s.b.a.w.s.WelcomePageHandlerMapping    : Adding welcome page template: index
2025-09-08T14:05:26.443+02:00  INFO 180473 --- [dynamic-web-app] [           main] o.s.b.w.embedded.tomcat.TomcatWebServer  : Tomcat started on port 8080 (http) with context path '/'
2025-09-08T14:05:26.448+02:00  INFO 180473 --- [dynamic-web-app] [           main] c.d.r.DynamicWebProjectApplication       : Started DynamicWebProjectApplication in 1.31 seconds (process running for 1.529)
2025-09-08T14:05:39.420+02:00  INFO 180473 --- [dynamic-web-app] [nio-8080-exec-1] o.a.c.c.C.[Tomcat].[localhost].[/]       : Initializing Spring DispatcherServlet 'dispatcherServlet'
2025-09-08T14:05:39.421+02:00  INFO 180473 --- [dynamic-web-app] [nio-8080-exec-1] o.s.web.servlet.DispatcherServlet        : Initializing Servlet 'dispatcherServlet'
2025-09-08T14:05:39.422+02:00  INFO 180473 --- [dynamic-web-app] [nio-8080-exec-1] o.s.web.servlet.DispatcherServlet        : Completed initialization in 0 ms
2025-09-08T14:06:39.262+02:00  INFO 180473 --- [dynamic-web-app] [ionShutdownHook] o.s.b.w.e.tomcat.GracefulShutdown        : Commencing graceful shutdown. Waiting for active requests to complete
2025-09-08T14:06:39.265+02:00  INFO 180473 --- [dynamic-web-app] [tomcat-shutdown] o.s.b.w.e.tomcat.GracefulShutdown        : Graceful shutdown complete
[INFO] ------------------------------------------------------------------------
[INFO] BUILD FAILURE
[INFO] ------------------------------------------------------------------------
[INFO] Total time:  01:15 min
[INFO] Finished at: 2025-09-08T14:06:39+02:00
[INFO] ------------------------------------------------------------------------
[ERROR] Failed to execute goal org.springframework.boot:spring-boot-maven-plugin:3.5.5:run (default-cli) on project dynamic-web-app: Process terminated with exit code: 143 -> [Help 1]
[ERROR] 
[ERROR] To see the full stack trace of the errors, re-run Maven with the -e switch.
[ERROR] Re-run Maven using the -X switch to enable full debug logging.
[ERROR] 
[ERROR] For more information about the errors and possible solutions, please read the following articles:
[ERROR] [Help 1] http://cwiki.apache.org/confluence/display/MAVEN/MojoExecutionException
